mode: set
github.com/JiratTha/assessment-tax/main.go:15.13,19.23 3 0
github.com/JiratTha/assessment-tax/main.go:19.23,22.17 3 0
github.com/JiratTha/assessment-tax/main.go:22.17,24.4 1 0
github.com/JiratTha/assessment-tax/main.go:27.2,28.16 2 0
github.com/JiratTha/assessment-tax/main.go:28.16,30.3 1 0
github.com/JiratTha/assessment-tax/main.go:32.2,37.46 4 0
github.com/JiratTha/assessment-tax/main.go:37.46,39.3 1 0
github.com/JiratTha/assessment-tax/main.go:41.2,41.37 1 0
github.com/JiratTha/assessment-tax/admin/admin-controller/admin_controller.go:21.50,23.51 2 0
github.com/JiratTha/assessment-tax/admin/admin-controller/admin_controller.go:23.51,25.3 1 0
github.com/JiratTha/assessment-tax/admin/admin-controller/admin_controller.go:26.2,27.16 2 0
github.com/JiratTha/assessment-tax/admin/admin-controller/admin_controller.go:27.16,30.3 2 0
github.com/JiratTha/assessment-tax/admin/admin-controller/admin_controller.go:31.2,31.39 1 0
github.com/JiratTha/assessment-tax/admin/admin-controller/admin_controller.go:31.39,33.3 1 0
github.com/JiratTha/assessment-tax/admin/admin-controller/admin_controller.go:34.2,35.49 2 0
github.com/JiratTha/assessment-tax/admin/admin-controller/admin_controller.go:48.44,50.51 2 0
github.com/JiratTha/assessment-tax/admin/admin-controller/admin_controller.go:50.51,52.3 1 0
github.com/JiratTha/assessment-tax/admin/admin-controller/admin_controller.go:53.2,54.16 2 0
github.com/JiratTha/assessment-tax/admin/admin-controller/admin_controller.go:54.16,57.3 2 0
github.com/JiratTha/assessment-tax/admin/admin-controller/admin_controller.go:58.2,58.35 1 0
github.com/JiratTha/assessment-tax/admin/admin-controller/admin_controller.go:58.35,60.3 1 0
github.com/JiratTha/assessment-tax/admin/admin-controller/admin_controller.go:61.2,62.43 2 0
github.com/JiratTha/assessment-tax/db/db.go:11.42,14.16 3 0
github.com/JiratTha/assessment-tax/db/db.go:14.16,16.3 1 0
github.com/JiratTha/assessment-tax/db/db.go:17.2,17.12 1 0
github.com/JiratTha/assessment-tax/db/db.go:20.31,22.2 1 0
github.com/JiratTha/assessment-tax/docs/docs.go:257.13,259.2 1 0
github.com/JiratTha/assessment-tax/tax/tax-controller/tax_controller.go:21.48,23.42 2 0
github.com/JiratTha/assessment-tax/tax/tax-controller/tax_controller.go:23.42,25.3 1 0
github.com/JiratTha/assessment-tax/tax/tax-controller/tax_controller.go:26.2,27.16 2 0
github.com/JiratTha/assessment-tax/tax/tax-controller/tax_controller.go:27.16,30.3 2 0
github.com/JiratTha/assessment-tax/tax/tax-controller/tax_controller.go:31.2,31.30 1 0
github.com/JiratTha/assessment-tax/tax/tax-controller/tax_controller.go:31.30,33.3 1 0
github.com/JiratTha/assessment-tax/tax/tax-controller/tax_controller.go:34.2,34.22 1 0
github.com/JiratTha/assessment-tax/tax/tax-controller/tax_controller.go:34.22,36.3 1 0
github.com/JiratTha/assessment-tax/tax/tax-controller/tax_controller.go:37.2,38.31 2 0
github.com/JiratTha/assessment-tax/tax/tax-controller/tax_controller.go:38.31,39.34 1 0
github.com/JiratTha/assessment-tax/tax/tax-controller/tax_controller.go:39.34,41.4 1 0
github.com/JiratTha/assessment-tax/tax/tax-controller/tax_controller.go:43.2,46.40 4 0
github.com/JiratTha/assessment-tax/tax/tax-controller/tax_controller_csv.go:22.50,25.16 2 0
github.com/JiratTha/assessment-tax/tax/tax-controller/tax_controller_csv.go:25.16,27.3 1 0
github.com/JiratTha/assessment-tax/tax/tax-controller/tax_controller_csv.go:29.2,30.16 2 0
github.com/JiratTha/assessment-tax/tax/tax-controller/tax_controller_csv.go:30.16,32.3 1 0
github.com/JiratTha/assessment-tax/tax/tax-controller/tax_controller_csv.go:33.2,38.40 4 0
github.com/JiratTha/assessment-tax/tax/tax-controller/tax_controller_csv.go:38.40,40.3 1 0
github.com/JiratTha/assessment-tax/tax/tax-controller/tax_controller_csv.go:41.2,42.6 2 0
github.com/JiratTha/assessment-tax/tax/tax-controller/tax_controller_csv.go:42.6,44.20 2 0
github.com/JiratTha/assessment-tax/tax/tax-controller/tax_controller_csv.go:44.20,45.9 1 0
github.com/JiratTha/assessment-tax/tax/tax-controller/tax_controller_csv.go:47.3,47.17 1 0
github.com/JiratTha/assessment-tax/tax/tax-controller/tax_controller_csv.go:47.17,49.4 1 0
github.com/JiratTha/assessment-tax/tax/tax-controller/tax_controller_csv.go:51.3,54.17 4 0
github.com/JiratTha/assessment-tax/tax/tax-controller/tax_controller_csv.go:54.17,56.4 1 0
github.com/JiratTha/assessment-tax/tax/tax-controller/tax_controller_csv.go:58.3,58.24 1 0
github.com/JiratTha/assessment-tax/tax/tax-controller/tax_controller_csv.go:58.24,60.4 1 0
github.com/JiratTha/assessment-tax/tax/tax-controller/tax_controller_csv.go:61.3,73.18 4 0
github.com/JiratTha/assessment-tax/tax/tax-controller/tax_controller_csv.go:76.2,76.75 1 0
github.com/JiratTha/assessment-tax/util/validate_struct.go:10.58,12.2 1 0
github.com/JiratTha/assessment-tax/router/router.go:10.31,19.2 6 0
github.com/JiratTha/assessment-tax/middleware/basic_middleware.go:11.66,12.36 1 0
github.com/JiratTha/assessment-tax/middleware/basic_middleware.go:12.36,14.32 2 0
github.com/JiratTha/assessment-tax/middleware/basic_middleware.go:14.32,16.4 1 0
github.com/JiratTha/assessment-tax/middleware/basic_middleware.go:18.3,19.53 2 0
github.com/JiratTha/assessment-tax/middleware/basic_middleware.go:19.53,21.4 1 0
github.com/JiratTha/assessment-tax/middleware/basic_middleware.go:23.3,26.26 3 0
github.com/JiratTha/assessment-tax/middleware/basic_middleware.go:26.26,28.4 1 0
github.com/JiratTha/assessment-tax/middleware/basic_middleware.go:30.3,31.26 2 0
github.com/JiratTha/assessment-tax/middleware/basic_middleware.go:31.26,33.4 1 0
github.com/JiratTha/assessment-tax/middleware/basic_middleware.go:34.3,36.47 2 0
github.com/JiratTha/assessment-tax/middleware/basic_middleware.go:36.47,38.4 1 0
github.com/JiratTha/assessment-tax/middleware/basic_middleware.go:40.3,40.17 1 0
github.com/JiratTha/assessment-tax/admin/setting-function/setting_kreceipt.go:10.78,12.30 2 1
github.com/JiratTha/assessment-tax/admin/setting-function/setting_kreceipt.go:12.30,14.3 1 1
github.com/JiratTha/assessment-tax/admin/setting-function/setting_kreceipt.go:14.8,16.3 1 1
github.com/JiratTha/assessment-tax/admin/setting-function/setting_kreceipt.go:17.2,18.16 2 1
github.com/JiratTha/assessment-tax/admin/setting-function/setting_kreceipt.go:18.16,20.3 1 1
github.com/JiratTha/assessment-tax/admin/setting-function/setting_kreceipt.go:21.2,22.20 2 1
github.com/JiratTha/assessment-tax/admin/setting-function/setting_personal_deduction.go:11.107,13.42 2 1
github.com/JiratTha/assessment-tax/admin/setting-function/setting_personal_deduction.go:13.42,15.3 1 1
github.com/JiratTha/assessment-tax/admin/setting-function/setting_personal_deduction.go:15.8,17.3 1 1
github.com/JiratTha/assessment-tax/admin/setting-function/setting_personal_deduction.go:18.2,19.16 2 1
github.com/JiratTha/assessment-tax/admin/setting-function/setting_personal_deduction.go:19.16,21.3 1 1
github.com/JiratTha/assessment-tax/admin/setting-function/setting_personal_deduction.go:22.2,23.30 2 1
github.com/JiratTha/assessment-tax/db/db.go:11.42,14.16 3 0
github.com/JiratTha/assessment-tax/db/db.go:14.16,16.3 1 0
github.com/JiratTha/assessment-tax/db/db.go:17.2,17.12 1 0
github.com/JiratTha/assessment-tax/db/db.go:20.31,22.2 1 1
github.com/JiratTha/assessment-tax/db/db.go:11.42,14.16 3 1
github.com/JiratTha/assessment-tax/db/db.go:14.16,16.3 1 0
github.com/JiratTha/assessment-tax/db/db.go:17.2,17.12 1 1
github.com/JiratTha/assessment-tax/db/db.go:20.31,22.2 1 0
github.com/JiratTha/assessment-tax/tax/allowance-calculation/allowance_calculation.go:9.128,19.40 8 1
github.com/JiratTha/assessment-tax/tax/allowance-calculation/allowance_calculation.go:19.40,21.36 2 1
github.com/JiratTha/assessment-tax/tax/allowance-calculation/allowance_calculation.go:21.36,23.55 2 1
github.com/JiratTha/assessment-tax/tax/allowance-calculation/allowance_calculation.go:23.55,25.5 1 1
github.com/JiratTha/assessment-tax/tax/allowance-calculation/allowance_calculation.go:27.3,27.37 1 1
github.com/JiratTha/assessment-tax/tax/allowance-calculation/allowance_calculation.go:27.37,29.55 2 1
github.com/JiratTha/assessment-tax/tax/allowance-calculation/allowance_calculation.go:29.55,31.5 1 1
github.com/JiratTha/assessment-tax/tax/allowance-calculation/allowance_calculation.go:35.2,36.55 2 1
github.com/JiratTha/assessment-tax/db/db.go:11.42,14.16 3 1
github.com/JiratTha/assessment-tax/db/db.go:14.16,16.3 1 0
github.com/JiratTha/assessment-tax/db/db.go:17.2,17.12 1 1
github.com/JiratTha/assessment-tax/db/db.go:20.31,22.2 1 0
github.com/JiratTha/assessment-tax/tax/tax-calculation/tax_calculation.go:9.87,26.29 6 1
github.com/JiratTha/assessment-tax/tax/tax-calculation/tax_calculation.go:26.29,29.3 2 1
github.com/JiratTha/assessment-tax/tax/tax-calculation/tax_calculation.go:29.8,29.36 1 1
github.com/JiratTha/assessment-tax/tax/tax-calculation/tax_calculation.go:29.36,34.3 3 1
github.com/JiratTha/assessment-tax/tax/tax-calculation/tax_calculation.go:34.8,34.37 1 1
github.com/JiratTha/assessment-tax/tax/tax-calculation/tax_calculation.go:34.37,39.3 4 1
github.com/JiratTha/assessment-tax/tax/tax-calculation/tax_calculation.go:39.8,39.37 1 1
github.com/JiratTha/assessment-tax/tax/tax-calculation/tax_calculation.go:39.37,45.3 5 1
github.com/JiratTha/assessment-tax/tax/tax-calculation/tax_calculation.go:45.8,52.3 6 1
github.com/JiratTha/assessment-tax/tax/tax-calculation/tax_calculation.go:54.2,55.23 2 1
github.com/JiratTha/assessment-tax/tax/tax-calculation/tax_calculation.go:55.23,58.3 2 1
github.com/JiratTha/assessment-tax/tax/tax-calculation/tax_calculation.go:59.2,61.17 3 1
